<?xml version="1.0" encoding="UTF-8"?>
<!-- Generated by org.testng.reporters.JUnitXMLReporter -->
<testsuite ignored="6" hostname="LAPTOP-8I1OEMH6" failures="0" tests="3" name="Default test" time="62.381" errors="0" timestamp="2021-10-04T09:26:23 IST">
  <testcase classname="com.practo.test.AlertTest" name="alertMessage" time="0.0">
    <skipped/>
  </testcase> <!-- alertMessage -->
  <testcase classname="com.practo.test.SearchResultsTest" name="checkSearchPage" time="38.016"/>
  <testcase classname="com.practo.test.TopCitiesTest" name="countCities" time="23.88"/>
  <testcase classname="com.practo.report.CreateReport" name="@AfterSuite tearDown" time="0.0">
    <ignored/>
  </testcase> <!-- @AfterSuite tearDown -->
  <testcase classname="com.practo.report.CreateReport" name="@AfterSuite tearDown" time="0.0">
    <ignored/>
  </testcase> <!-- @AfterSuite tearDown -->
  <testcase classname="com.practo.report.CreateReport" name="@AfterSuite tearDown" time="0.0">
    <ignored/>
  </testcase> <!-- @AfterSuite tearDown -->
  <testcase classname="com.practo.report.CreateReport" name="@BeforeSuite setUp" time="0.0">
    <ignored/>
  </testcase> <!-- @BeforeSuite setUp -->
  <testcase classname="com.practo.report.CreateReport" name="@BeforeSuite setUp" time="0.0">
    <ignored/>
  </testcase> <!-- @BeforeSuite setUp -->
  <testcase classname="com.practo.report.CreateReport" name="@BeforeSuite setUp" time="0.0">
    <ignored/>
  </testcase> <!-- @BeforeSuite setUp -->
</testsuite> <!-- Default test -->
