<?xml version="1.0" encoding="UTF-8"?>
<testng-results ignored="6" total="9" passed="2" failed="0" skipped="1">
  <reporter-output>
  </reporter-output>
  <suite started-at="2021-10-04T09:25:20 IST" name="Default suite" finished-at="2021-10-04T09:26:23 IST" duration-ms="62381">
    <groups>
    </groups>
    <test started-at="2021-10-04T09:25:20 IST" name="Default test" finished-at="2021-10-04T09:26:23 IST" duration-ms="62381">
      <class name="com.practo.test.AlertTest">
        <test-method is-config="true" signature="setUp()[pri:0, instance:com.practo.test.AlertTest@130c12b7]" started-at="2021-10-04T09:25:20 IST" name="setUp" finished-at="2021-10-04T09:25:20 IST" duration-ms="210" status="PASS">
          <reporter-output>
          </reporter-output>
        </test-method> <!-- setUp -->
        <test-method signature="alertMessage(java.lang.String,java.lang.String,java.lang.String,java.lang.String,java.lang.String)[pri:0, instance:com.practo.test.AlertTest@130c12b7]" started-at="2021-10-04T09:25:21 IST" name="alertMessage" data-provider="TestData" finished-at="2021-10-04T09:25:21 IST" duration-ms="0" status="SKIP">
          <exception class="java.lang.RuntimeException">
            <message>
              <![CDATA[java.lang.NoSuchMethodError: 'org.apache.xmlbeans.XmlOptions org.apache.xmlbeans.XmlOptions.setUseDefaultNamespace(boolean)']]>
            </message>
            <full-stacktrace>
              <![CDATA[java.lang.RuntimeException: java.lang.NoSuchMethodError: 'org.apache.xmlbeans.XmlOptions org.apache.xmlbeans.XmlOptions.setUseDefaultNamespace(boolean)'
at org.testng.internal.MethodInvocationHelper.invokeMethodNoCheckedException(MethodInvocationHelper.java:50)
at org.testng.internal.MethodInvocationHelper.invokeDataProvider(MethodInvocationHelper.java:146)
at org.testng.internal.Parameters.handleParameters(Parameters.java:798)
at org.testng.internal.Parameters.handleParameters(Parameters.java:740)
at org.testng.internal.ParameterHandler.handleParameters(ParameterHandler.java:59)
at org.testng.internal.ParameterHandler.createParameters(ParameterHandler.java:38)
at org.testng.internal.TestInvoker$MethodInvocationAgent.invoke(TestInvoker.java:791)
at org.testng.internal.TestInvoker.invokeTestMethods(TestInvoker.java:146)
at org.testng.internal.TestMethodWorker.invokeTestMethods(TestMethodWorker.java:146)
at org.testng.internal.TestMethodWorker.run(TestMethodWorker.java:128)
at java.base/java.util.ArrayList.forEach(ArrayList.java:1511)
at org.testng.TestRunner.privateRun(TestRunner.java:794)
at org.testng.TestRunner.run(TestRunner.java:596)
at org.testng.SuiteRunner.runTest(SuiteRunner.java:377)
at org.testng.SuiteRunner.runSequentially(SuiteRunner.java:371)
at org.testng.SuiteRunner.privateRun(SuiteRunner.java:332)
at org.testng.SuiteRunner.run(SuiteRunner.java:276)
at org.testng.SuiteRunnerWorker.runSuite(SuiteRunnerWorker.java:53)
at org.testng.SuiteRunnerWorker.run(SuiteRunnerWorker.java:96)
at org.testng.TestNG.runSuitesSequentially(TestNG.java:1212)
at org.testng.TestNG.runSuitesLocally(TestNG.java:1134)
at org.testng.TestNG.runSuites(TestNG.java:1063)
at org.testng.TestNG.run(TestNG.java:1031)
at org.testng.remote.AbstractRemoteTestNG.run(AbstractRemoteTestNG.java:115)
at org.testng.remote.RemoteTestNG.initAndRun(RemoteTestNG.java:251)
at org.testng.remote.RemoteTestNG.main(RemoteTestNG.java:77)
Caused by: java.lang.NoSuchMethodError: 'org.apache.xmlbeans.XmlOptions org.apache.xmlbeans.XmlOptions.setUseDefaultNamespace(boolean)'
at org.apache.poi.xssf.model.SharedStringsTable.<clinit>(SharedStringsTable.java:96)
at org.apache.poi.ooxml.POIXMLFactory.createDocumentPart(POIXMLFactory.java:61)
at org.apache.poi.ooxml.POIXMLDocumentPart.read(POIXMLDocumentPart.java:660)
at org.apache.poi.ooxml.POIXMLDocument.load(POIXMLDocument.java:165)
at org.apache.poi.xssf.usermodel.XSSFWorkbook.<init>(XSSFWorkbook.java:278)
at org.apache.poi.xssf.usermodel.XSSFWorkbook.<init>(XSSFWorkbook.java:299)
at com.practo.report.ReadFromExcel.getExcelData(ReadFromExcel.java:20)
at com.practo.test.AlertTest.getTestData(AlertTest.java:25)
at java.base/jdk.internal.reflect.NativeMethodAccessorImpl.invoke0(Native Method)
at java.base/jdk.internal.reflect.NativeMethodAccessorImpl.invoke(NativeMethodAccessorImpl.java:64)
at java.base/jdk.internal.reflect.DelegatingMethodAccessorImpl.invoke(DelegatingMethodAccessorImpl.java:43)
at java.base/java.lang.reflect.Method.invoke(Method.java:564)
at org.testng.internal.MethodInvocationHelper.invokeMethod(MethodInvocationHelper.java:133)
at org.testng.internal.MethodInvocationHelper.invokeMethod(MethodInvocationHelper.java:77)
at org.testng.internal.MethodInvocationHelper.invokeMethodNoCheckedException(MethodInvocationHelper.java:46)
... 25 more
]]>
            </full-stacktrace>
          </exception> <!-- java.lang.RuntimeException -->
          <reporter-output>
          </reporter-output>
        </test-method> <!-- alertMessage -->
        <test-method is-config="true" signature="tearDown()[pri:0, instance:com.practo.test.AlertTest@130c12b7]" started-at="2021-10-04T09:26:23 IST" name="tearDown" finished-at="2021-10-04T09:26:23 IST" duration-ms="580" status="PASS">
          <reporter-output>
          </reporter-output>
        </test-method> <!-- tearDown -->
      </class> <!-- com.practo.test.AlertTest -->
      <class name="com.practo.test.SearchResultsTest">
        <test-method signature="checkSearchPage()[pri:0, instance:com.practo.test.SearchResultsTest@6340e5f0]" started-at="2021-10-04T09:25:21 IST" name="checkSearchPage" finished-at="2021-10-04T09:25:59 IST" duration-ms="38016" status="PASS">
          <reporter-output>
          </reporter-output>
        </test-method> <!-- checkSearchPage -->
        <test-method is-config="true" signature="getResult(org.testng.ITestResult)[pri:0, instance:com.practo.test.SearchResultsTest@6340e5f0]" started-at="2021-10-04T09:25:59 IST" name="getResult" finished-at="2021-10-04T09:25:59 IST" duration-ms="29" status="PASS">
          <params>
            <param index="0">
              <value>
                <![CDATA[[TestResult name=checkSearchPage status=SUCCESS method=SearchResultsTest.checkSearchPage()[pri:0, instance:com.practo.test.SearchResultsTest@6340e5f0] output={null}]]]>
              </value>
            </param>
          </params>
          <reporter-output>
          </reporter-output>
        </test-method> <!-- getResult -->
      </class> <!-- com.practo.test.SearchResultsTest -->
      <class name="com.practo.test.TopCitiesTest">
        <test-method signature="countCities()[pri:0, instance:com.practo.test.TopCitiesTest@13e344d]" started-at="2021-10-04T09:25:59 IST" name="countCities" finished-at="2021-10-04T09:26:23 IST" duration-ms="23880" status="PASS">
          <reporter-output>
          </reporter-output>
        </test-method> <!-- countCities -->
        <test-method is-config="true" signature="getResult(org.testng.ITestResult)[pri:0, instance:com.practo.test.TopCitiesTest@13e344d]" started-at="2021-10-04T09:26:23 IST" name="getResult" finished-at="2021-10-04T09:26:23 IST" duration-ms="1" status="PASS">
          <params>
            <param index="0">
              <value>
                <![CDATA[[TestResult name=countCities status=SUCCESS method=TopCitiesTest.countCities()[pri:0, instance:com.practo.test.TopCitiesTest@13e344d] output={null}]]]>
              </value>
            </param>
          </params>
          <reporter-output>
          </reporter-output>
        </test-method> <!-- getResult -->
      </class> <!-- com.practo.test.TopCitiesTest -->
    </test> <!-- Default test -->
  </suite> <!-- Default suite -->
</testng-results>
